Iteration: 0
Query: machine learning prediction of elastic properties and mechanical stability in transition metal dichalcogenides using electronic structure descriptors
Report: No papers found

Iteration: 1
Query: machine learning classification of mechanical stability in metastable transition metal dichalcogenides using electronic and magnetic descriptors
Report: No papers found

Iteration: 2
Query: machine learning prediction of elastic moduli and mechanical stability in transition metal dichalcogenides using density functional theory descriptors
Report: No papers found

Iteration: 3
Query: machine learning screening of metastable transition metal dichalcogenides for mechanical properties and structural stability
Report: No papers found

Iteration: 4
Query: machine learning prediction of mechanical properties and elastic moduli in transition metal dichalcogenides using electronic structure features
Report: No papers found

Iteration: 5
Query: machine learning prediction of elastic constants and mechanical stability in transition metal dichalcogenides using d-band filling and electronic structure descriptors
Report: No papers found

Iteration: 6
Query: machine learning prediction of elastic properties and mechanical stability in 2D materials and transition metal compounds using electronic structure descriptors
Report: No papers found

Iteration: 7
Query: machine learning models for predicting elastic properties and mechanical stability of transition metal dichalcogenides using density functional theory data
Report: No papers found

Iteration: 8
Query: machine learning prediction of elastic properties in transition metal compounds using electronic structure and d-band filling descriptors
Report: No papers found

Iteration: 9
Query: machine learning high-throughput screening of mechanical properties and elastic moduli in transition metal dichalcogenides and 2D materials
Report: No papers found

