---- STDOUT ----
This is XeTeX, Version 3.141592653-2.6-0.999994 (TeX Live 2022/Debian) (preloaded format=xelatex)
 restricted \write18 enabled.
entering extended mode
(./Results.tex
LaTeX2e <2022-11-01> patch level 1
L3 programming layer <2023-01-16>
(/usr/share/texlive/texmf-dist/tex/latex/base/article.cls
Document Class: article 2022/07/02 v1.4n Standard LaTeX document class
(/usr/share/texlive/texmf-dist/tex/latex/base/size10.clo))
(/usr/share/texlive/texmf-dist/tex/latex/amsmath/amsmath.sty
For additional information on amsmath, use the `?' option.
(/usr/share/texlive/texmf-dist/tex/latex/amsmath/amstext.sty
(/usr/share/texlive/texmf-dist/tex/latex/amsmath/amsgen.sty))
(/usr/share/texlive/texmf-dist/tex/latex/amsmath/amsbsy.sty)
(/usr/share/texlive/texmf-dist/tex/latex/amsmath/amsopn.sty))
(/usr/share/texlive/texmf-dist/tex/latex/multirow/multirow.sty)
(/usr/share/texlive/texmf-dist/tex/latex/natbib/natbib.sty)
(/usr/share/texlive/texmf-dist/tex/latex/graphics/graphicx.sty
(/usr/share/texlive/texmf-dist/tex/latex/graphics/keyval.sty)
(/usr/share/texlive/texmf-dist/tex/latex/graphics/graphics.sty
(/usr/share/texlive/texmf-dist/tex/latex/graphics/trig.sty)
(/usr/share/texlive/texmf-dist/tex/latex/graphics-cfg/graphics.cfg)
(/usr/share/texlive/texmf-dist/tex/latex/graphics-def/xetex.def)))
(/usr/share/texlive/texmf-dist/tex/latex/l3backend/l3backend-xetex.def)
No file Results.aux.
(/usr/share/texlive/texmf-dist/tex/latex/base/ts1cmr.fd)

LaTeX Warning: Reference `tab:logo_cv' on page 1 undefined on input line 15.


Overfull \hbox (0.51202pt too wide) in paragraph at lines 34--35
[]\TU/lmr/m/n/10 Despite the poor global generalization across unseen metals, t
he model proves

LaTeX Warning: Reference `fig:shap_summary' on page 1 undefined on input line 4
0.

[1]

LaTeX Warning: `!h' float specifier changed to `!ht'.


Overfull \hbox (28.35202pt too wide) in paragraph at lines 49--50
\TU/lmr/m/n/10 proxy for spin-orbit coupling (\TU/lmtt/m/n/10 M_soc_proxy\TU/lm
r/m/n/10 ), and the d-band filling (\TU/lmtt/m/n/10 d_band_filling\TU/lmr/m/n/1
0 ).

LaTeX Warning: `!h' float specifier changed to `!ht'.


LaTeX Warning: Reference `fig:shap_dependence' on page 2 undefined on input lin
e 58.


! LaTeX Error: \begin{equation} on input line 63 ended by \end{e<ctrl61>quation
}.

See the LaTeX manual or LaTeX Companion for explanation.
Type  H <return>  for immediate help.
 ...                                              
                                                  
l.66 \end{e<ctrl61>quation}
                           
? ! Missing $ inserted.
<inserted text> 
                $
l.66 \end{e<ctrl61>quation}
                           
? 
! Emergency stop.
<inserted text> 
                $
l.66 \end{e<ctrl61>quation}
                           
Output written on Results.pdf (1 page).
Transcript written on Results.log.
---- STDERR ----
